2021-05-06 12:06:57 [/home/wxk/darnn/myversion/trainer.py:46 - INFO ] æ­¤æ¬¡å®žéªŒè®¾å¤‡ä¸º:cuda:0
2021-05-06 12:06:57 [/home/wxk/darnn/myversion/trainer.py:47 - INFO ] å®žéªŒå‚æ•°å¦‚ä¸‹:
2021-05-06 12:06:57 [/home/wxk/darnn/myversion/trainer.py:48 - INFO ] {'input_size': 6, 'T': 20, 'encoder_num_hidden': 32, 'decoder_num_hidden': 32, 'drop_ratio': 0}
2021-05-06 12:06:57 [/home/wxk/darnn/myversion/trainer.py:49 - INFO ] {'epoch': 1500, 'batch': 256, 'split': 30, 'learning_rate': 0.001, 'patience': 200, 'stop': 1000, 'resume': False, 'checkpoint_path': '../result/', 'log_file': 'trainer.log'}
2021-05-06 12:06:57 [/home/wxk/darnn/myversion/trainer.py:50 - INFO ] {'train_list': [2010, 2011, 2012, 2013, 2014, 2015, 2016, 2017, 2018], 'test_list': [123, 456, 789, 1012], 'datapath': '../v_20day', 'T': 20}
2021-05-06 12:06:57 [/home/wxk/darnn/myversion/trainer.py:61 - INFO ] Load Checkpoint......
2021-05-06 12:06:57 [/home/wxk/darnn/myversion/trainer.py:84 - INFO ] æ²¡æœ‰å­˜æ¡£ç‚¹ï¼Œå„ç§å‚æ•°åˆå§‹åŒ–
2021-05-06 12:07:00 [/home/wxk/darnn/myversion/trainer.py:54 - INFO ] å¯¼å…¥æ•°æ®é›†......
2021-05-06 12:07:01 [/home/wxk/darnn/myversion/trainer.py:56 - INFO ] æ•°æ®é›†å¯¼å…¥æˆåŠŸï¼
2021-05-06 12:07:01 [/home/wxk/darnn/myversion/trainer.py:114 - INFO ] ======epoch:1 æ­£åœ¨è®­ç»ƒ ========================>
2021-05-06 12:07:01 [/home/wxk/darnn/myversion/trainer.py:190 - INFO ] [1;34m Train: [0m
2021-05-06 12:09:36 [/home/wxk/darnn/myversion/trainer.py:221 - INFO ] ç¬¬ [1;34m 1 [0m è½®çš„è®­ç»ƒé›†æ­£ç¡®çŽ‡ä¸º:[1;32m 0.5164 [0m epoch_mean_Loss ä¸º: [1;32m 0.00270609 [0m
2021-05-06 12:09:36 [/home/wxk/darnn/myversion/trainer.py:223 - INFO ] [1;31m Accuracy:0.5164 Precision:0.5105 Recall:0.3185 F1:0.3922 [0m
2021-05-06 12:09:36 [/home/wxk/darnn/myversion/trainer.py:225 - INFO ] [1;31m Random:0.5100	MaxAccDiff:0.006392 [0m
2021-05-06 12:09:36 [/home/wxk/darnn/myversion/trainer.py:229 - INFO ] [1;34m Valid: [0m
2021-05-06 12:09:54 [/home/wxk/darnn/myversion/trainer.py:256 - INFO ] [1;31m Accuracy:0.5098 Precision:0.4306 Recall:0.0020 F1:0.0040 val_loss:0.00271005 [0m
2021-05-06 12:09:54 [/home/wxk/darnn/myversion/trainer.py:258 - INFO ] [1;31m Random:0.5101	MaxAccDiff:0.000000 	best_model_test_acc_diff:0.000000 [0m
2021-05-06 12:09:54 [/home/wxk/darnn/myversion/trainer.py:262 - INFO ] [1;34m Test: [0m
2021-05-06 12:10:04 [/home/wxk/darnn/myversion/trainer.py:285 - INFO ] [1;31m Accuracy:0.4925 Precision:0.4173 Recall:0.0012 F1:0.0024 val_loss:0.00272584 [0m
2021-05-06 12:10:04 [/home/wxk/darnn/myversion/trainer.py:287 - INFO ] [1;31m Random:0.5073	testMaxAccDiff:0.000000 [0m
2021-05-06 12:10:04 [/home/wxk/darnn/myversion/trainer.py:176 - INFO ] Epoch: 1, now best test loss change: 0.00272584
2021-05-06 12:10:04 [/home/wxk/darnn/myversion/trainer.py:114 - INFO ] ======epoch:2 æ­£åœ¨è®­ç»ƒ ========================>
2021-05-06 12:10:04 [/home/wxk/darnn/myversion/trainer.py:190 - INFO ] [1;34m Train: [0m
2021-05-06 12:12:38 [/home/wxk/darnn/myversion/trainer.py:221 - INFO ] ç¬¬ [1;34m 2 [0m è½®çš„è®­ç»ƒé›†æ­£ç¡®çŽ‡ä¸º:[1;32m 0.5170 [0m epoch_mean_Loss ä¸º: [1;32m 0.00270595 [0m
2021-05-06 12:12:38 [/home/wxk/darnn/myversion/trainer.py:223 - INFO ] [1;31m Accuracy:0.5170 Precision:0.5122 Recall:0.2915 F1:0.3715 [0m
2021-05-06 12:12:38 [/home/wxk/darnn/myversion/trainer.py:225 - INFO ] [1;31m Random:0.5102	MaxAccDiff:0.006824 [0m
2021-05-06 12:12:38 [/home/wxk/darnn/myversion/trainer.py:229 - INFO ] [1;34m Valid: [0m
2021-05-06 12:12:56 [/home/wxk/darnn/myversion/trainer.py:256 - INFO ] [1;31m Accuracy:0.5096 Precision:0.5010 Recall:0.0239 F1:0.0456 val_loss:0.00270881 [0m
2021-05-06 12:12:56 [/home/wxk/darnn/myversion/trainer.py:258 - INFO ] [1;31m Random:0.5096	MaxAccDiff:0.000045 	best_model_test_acc_diff:-0.014776 [0m
2021-05-06 12:12:56 [/home/wxk/darnn/myversion/trainer.py:262 - INFO ] [1;34m Test: [0m
2021-05-06 12:13:06 [/home/wxk/darnn/myversion/trainer.py:285 - INFO ] [1;31m Accuracy:0.4929 Precision:0.5058 Recall:0.0149 F1:0.0290 val_loss:0.00272356 [0m
2021-05-06 12:13:06 [/home/wxk/darnn/myversion/trainer.py:287 - INFO ] [1;31m Random:0.5073	testMaxAccDiff:0.000000 [0m
2021-05-06 12:13:06 [/home/wxk/darnn/myversion/trainer.py:176 - INFO ] Epoch: 2, now best test loss change: 0.00272356
2021-05-06 12:13:06 [/home/wxk/darnn/myversion/trainer.py:114 - INFO ] ======epoch:3 æ­£åœ¨è®­ç»ƒ ========================>
2021-05-06 12:13:07 [/home/wxk/darnn/myversion/trainer.py:190 - INFO ] [1;34m Train: [0m
2021-05-06 12:15:44 [/home/wxk/darnn/myversion/trainer.py:221 - INFO ] ç¬¬ [1;34m 3 [0m è½®çš„è®­ç»ƒé›†æ­£ç¡®çŽ‡ä¸º:[1;32m 0.5174 [0m epoch_mean_Loss ä¸º: [1;32m 0.00270540 [0m
2021-05-06 12:15:44 [/home/wxk/darnn/myversion/trainer.py:223 - INFO ] [1;31m Accuracy:0.5174 Precision:0.5124 Recall:0.3184 F1:0.3928 [0m
2021-05-06 12:15:44 [/home/wxk/darnn/myversion/trainer.py:225 - INFO ] [1;31m Random:0.5098	MaxAccDiff:0.007581 [0m
2021-05-06 12:15:44 [/home/wxk/darnn/myversion/trainer.py:229 - INFO ] [1;34m Valid: [0m
2021-05-06 12:16:02 [/home/wxk/darnn/myversion/trainer.py:256 - INFO ] [1;31m Accuracy:0.5105 Precision:0.4996 Recall:0.0318 F1:0.0598 val_loss:0.00270797 [0m
2021-05-06 12:16:02 [/home/wxk/darnn/myversion/trainer.py:258 - INFO ] [1;31m Random:0.5105	MaxAccDiff:0.000045 	best_model_test_acc_diff:-0.014357 [0m
2021-05-06 12:16:02 [/home/wxk/darnn/myversion/trainer.py:262 - INFO ] [1;34m Test: [0m
2021-05-06 12:16:12 [/home/wxk/darnn/myversion/trainer.py:285 - INFO ] [1;31m Accuracy:0.4933 Precision:0.5143 Recall:0.0214 F1:0.0412 val_loss:0.00272294 [0m
2021-05-06 12:16:12 [/home/wxk/darnn/myversion/trainer.py:287 - INFO ] [1;31m Random:0.5073	testMaxAccDiff:0.000000 [0m
2021-05-06 12:16:12 [/home/wxk/darnn/myversion/trainer.py:176 - INFO ] Epoch: 3, now best test loss change: 0.00272294
2021-05-06 12:16:12 [/home/wxk/darnn/myversion/trainer.py:114 - INFO ] ======epoch:4 æ­£åœ¨è®­ç»ƒ ========================>
2021-05-06 12:16:13 [/home/wxk/darnn/myversion/trainer.py:190 - INFO ] [1;34m Train: [0m
2021-05-06 12:18:44 [/home/wxk/darnn/myversion/trainer.py:221 - INFO ] ç¬¬ [1;34m 4 [0m è½®çš„è®­ç»ƒé›†æ­£ç¡®çŽ‡ä¸º:[1;32m 0.5180 [0m epoch_mean_Loss ä¸º: [1;32m 0.00270514 [0m
2021-05-06 12:18:44 [/home/wxk/darnn/myversion/trainer.py:223 - INFO ] [1;31m Accuracy:0.5180 Precision:0.5127 Recall:0.3255 F1:0.3982 [0m
2021-05-06 12:18:44 [/home/wxk/darnn/myversion/trainer.py:225 - INFO ] [1;31m Random:0.5101	MaxAccDiff:0.007921 [0m
2021-05-06 12:18:44 [/home/wxk/darnn/myversion/trainer.py:229 - INFO ] [1;34m Valid: [0m
2021-05-06 12:19:02 [/home/wxk/darnn/myversion/trainer.py:256 - INFO ] [1;31m Accuracy:0.5106 Precision:0.5121 Recall:0.0319 F1:0.0601 val_loss:0.00270818 [0m
2021-05-06 12:19:02 [/home/wxk/darnn/myversion/trainer.py:258 - INFO ] [1;31m Random:0.5099	MaxAccDiff:0.000742 	best_model_test_acc_diff:-0.013926 [0m
2021-05-06 12:19:02 [/home/wxk/darnn/myversion/trainer.py:262 - INFO ] [1;34m Test: [0m
2021-05-06 12:19:11 [/home/wxk/darnn/myversion/trainer.py:285 - INFO ] [1;31m Accuracy:0.4929 Precision:0.5039 Recall:0.0210 F1:0.0402 val_loss:0.00272386 [0m
2021-05-06 12:19:11 [/home/wxk/darnn/myversion/trainer.py:287 - INFO ] [1;31m Random:0.5073	testMaxAccDiff:0.000000 [0m
2021-05-06 12:19:11 [/home/wxk/darnn/myversion/trainer.py:179 - INFO ] 1 no improvement, best loss: 0.0027
2021-05-06 12:19:11 [/home/wxk/darnn/myversion/trainer.py:114 - INFO ] ======epoch:5 æ­£åœ¨è®­ç»ƒ ========================>
2021-05-06 12:19:12 [/home/wxk/darnn/myversion/trainer.py:190 - INFO ] [1;34m Train: [0m
2021-05-06 12:21:49 [/home/wxk/darnn/myversion/trainer.py:221 - INFO ] ç¬¬ [1;34m 5 [0m è½®çš„è®­ç»ƒé›†æ­£ç¡®çŽ‡ä¸º:[1;32m 0.5184 [0m epoch_mean_Loss ä¸º: [1;32m 0.00270480 [0m
2021-05-06 12:21:49 [/home/wxk/darnn/myversion/trainer.py:223 - INFO ] [1;31m Accuracy:0.5184 Precision:0.5136 Recall:0.3247 F1:0.3979 [0m
2021-05-06 12:21:49 [/home/wxk/darnn/myversion/trainer.py:225 - INFO ] [1;31m Random:0.5099	MaxAccDiff:0.008441 [0m
2021-05-06 12:21:49 [/home/wxk/darnn/myversion/trainer.py:229 - INFO ] [1;34m Valid: [0m
2021-05-06 12:22:10 [/home/wxk/darnn/myversion/trainer.py:256 - INFO ] [1;31m Accuracy:0.5130 Precision:0.5284 Recall:0.0529 F1:0.0961 val_loss:0.00270695 [0m
2021-05-06 12:22:10 [/home/wxk/darnn/myversion/trainer.py:258 - INFO ] [1;31m Random:0.5102	MaxAccDiff:0.002787 	best_model_test_acc_diff:-0.013926 [0m
2021-05-06 12:22:10 [/home/wxk/darnn/myversion/trainer.py:262 - INFO ] [1;34m Test: [0m
2021-05-06 12:22:22 [/home/wxk/darnn/myversion/trainer.py:285 - INFO ] [1;31m Accuracy:0.4934 Precision:0.5101 Recall:0.0347 F1:0.0650 val_loss:0.00272332 [0m
2021-05-06 12:22:22 [/home/wxk/darnn/myversion/trainer.py:287 - INFO ] [1;31m Random:0.5073	testMaxAccDiff:0.000000 [0m
2021-05-06 12:22:22 [/home/wxk/darnn/myversion/trainer.py:179 - INFO ] 2 no improvement, best loss: 0.0027
2021-05-06 12:22:22 [/home/wxk/darnn/myversion/trainer.py:114 - INFO ] ======epoch:6 æ­£åœ¨è®­ç»ƒ ========================>
2021-05-06 12:22:22 [/home/wxk/darnn/myversion/trainer.py:190 - INFO ] [1;34m Train: [0m
