2021-05-05 12:17:41 [/home/wxk/darnn/myversion/trainer.py:46 - INFO ] æ­¤æ¬¡å®žéªŒè®¾å¤‡ä¸º:cuda:0
2021-05-05 12:17:41 [/home/wxk/darnn/myversion/trainer.py:47 - INFO ] å®žéªŒå‚æ•°å¦‚ä¸‹:
2021-05-05 12:17:41 [/home/wxk/darnn/myversion/trainer.py:48 - INFO ] {'input_size': 6, 'T': 20, 'encoder_num_hidden': 32, 'decoder_num_hidden': 32, 'drop_ratio': 0}
2021-05-05 12:17:41 [/home/wxk/darnn/myversion/trainer.py:49 - INFO ] {'epoch': 1500, 'batch': 256, 'split': 30, 'learning_rate': 0.01, 'patience': 50, 'stop': 1000, 'resume': False, 'checkpoint_path': '../result/', 'log_file': 'trainer.log'}
2021-05-05 12:17:41 [/home/wxk/darnn/myversion/trainer.py:50 - INFO ] {'train_list': [2010, 2011, 2012, 2013, 2014, 2015, 2016, 2017, 2018], 'test_list': [123, 456, 789, 1012], 'datapath': '../v2', 'T': 20}
2021-05-05 12:17:45 [/home/wxk/darnn/myversion/trainer.py:61 - INFO ] Load Checkpoint......
2021-05-05 12:17:45 [/home/wxk/darnn/myversion/trainer.py:84 - INFO ] æ²¡æœ‰å­˜æ¡£ç‚¹ï¼Œå„ç§å‚æ•°åˆå§‹åŒ–
2021-05-05 12:17:45 [/home/wxk/darnn/myversion/trainer.py:54 - INFO ] å¯¼å…¥æ•°æ®é›†......
2021-05-05 12:17:46 [/home/wxk/darnn/myversion/trainer.py:56 - INFO ] æ•°æ®é›†å¯¼å…¥æˆåŠŸï¼
2021-05-05 12:17:46 [/home/wxk/darnn/myversion/trainer.py:114 - INFO ] ======epoch:1 æ­£åœ¨è®­ç»ƒ ========================>
2021-05-05 12:17:46 [/home/wxk/darnn/myversion/trainer.py:190 - INFO ] [1;34m Train: [0m
2021-05-05 12:22:13 [/home/wxk/darnn/myversion/trainer.py:221 - INFO ] ç¬¬ [1;34m 1 [0m è½®çš„è®­ç»ƒé›†æ­£ç¡®çŽ‡ä¸º:[1;32m 0.5078 [0m epoch_mean_Loss ä¸º: [1;32m 0.00271417 [0m
2021-05-05 12:22:13 [/home/wxk/darnn/myversion/trainer.py:223 - INFO ] [1;31m Accuracy:0.5078 Precision:0.4964 Recall:0.3097 F1:0.3815 [0m
2021-05-05 12:22:13 [/home/wxk/darnn/myversion/trainer.py:225 - INFO ] [1;31m Random:0.5100	MaxAccDiff:0.000000 [0m
2021-05-05 12:22:13 [/home/wxk/darnn/myversion/trainer.py:229 - INFO ] [1;34m Valid: [0m
2021-05-05 12:22:41 [/home/wxk/darnn/myversion/trainer.py:256 - INFO ] [1;31m Accuracy:0.5101 Precision:0.0000 Recall:0.0000 F1:0.0000 val_loss:0.00271005 [0m
2021-05-05 12:22:41 [/home/wxk/darnn/myversion/trainer.py:258 - INFO ] [1;31m Random:0.5101	MaxAccDiff:0.000000 	best_model_test_acc_diff:0.000000 [0m
2021-05-05 12:22:41 [/home/wxk/darnn/myversion/trainer.py:262 - INFO ] [1;34m Test: [0m
2021-05-05 12:23:00 [/home/wxk/darnn/myversion/trainer.py:285 - INFO ] [1;31m Accuracy:0.4927 Precision:0.0000 Recall:0.0000 F1:0.0000 val_loss:0.00272044 [0m
2021-05-05 12:23:00 [/home/wxk/darnn/myversion/trainer.py:287 - INFO ] [1;31m Random:0.5073	testMaxAccDiff:0.000000 [0m
2021-05-05 12:23:00 [/home/wxk/darnn/myversion/trainer.py:176 - INFO ] Epoch: 1, now best test loss change: 0.00272044
2021-05-05 12:23:00 [/home/wxk/darnn/myversion/trainer.py:114 - INFO ] ======epoch:2 æ­£åœ¨è®­ç»ƒ ========================>
2021-05-05 12:23:00 [/home/wxk/darnn/myversion/trainer.py:190 - INFO ] [1;34m Train: [0m
2021-05-05 12:27:59 [/home/wxk/darnn/myversion/trainer.py:221 - INFO ] ç¬¬ [1;34m 2 [0m è½®çš„è®­ç»ƒé›†æ­£ç¡®çŽ‡ä¸º:[1;32m 0.5013 [0m epoch_mean_Loss ä¸º: [1;32m 0.00271688 [0m
2021-05-05 12:27:59 [/home/wxk/darnn/myversion/trainer.py:223 - INFO ] [1;31m Accuracy:0.5013 Precision:0.4886 Recall:0.3926 F1:0.4354 [0m
2021-05-05 12:27:59 [/home/wxk/darnn/myversion/trainer.py:225 - INFO ] [1;31m Random:0.5102	MaxAccDiff:0.000000 [0m
2021-05-05 12:27:59 [/home/wxk/darnn/myversion/trainer.py:229 - INFO ] [1;34m Valid: [0m
2021-05-05 12:28:34 [/home/wxk/darnn/myversion/trainer.py:256 - INFO ] [1;31m Accuracy:0.5096 Precision:0.0000 Recall:0.0000 F1:0.0000 val_loss:0.00271126 [0m
2021-05-05 12:28:34 [/home/wxk/darnn/myversion/trainer.py:258 - INFO ] [1;31m Random:0.5096	MaxAccDiff:0.000000 	best_model_test_acc_diff:-0.014532 [0m
2021-05-05 12:28:34 [/home/wxk/darnn/myversion/trainer.py:262 - INFO ] [1;34m Test: [0m
2021-05-05 12:28:53 [/home/wxk/darnn/myversion/trainer.py:285 - INFO ] [1;31m Accuracy:0.4927 Precision:0.0000 Recall:0.0000 F1:0.0000 val_loss:0.00272278 [0m
2021-05-05 12:28:53 [/home/wxk/darnn/myversion/trainer.py:287 - INFO ] [1;31m Random:0.5073	testMaxAccDiff:0.000000 [0m
2021-05-05 12:28:53 [/home/wxk/darnn/myversion/trainer.py:179 - INFO ] 1 no improvement, best loss: 0.0027
2021-05-05 12:28:53 [/home/wxk/darnn/myversion/trainer.py:114 - INFO ] ======epoch:3 æ­£åœ¨è®­ç»ƒ ========================>
2021-05-05 12:28:54 [/home/wxk/darnn/myversion/trainer.py:190 - INFO ] [1;34m Train: [0m
2021-05-05 12:33:53 [/home/wxk/darnn/myversion/trainer.py:221 - INFO ] ç¬¬ [1;34m 3 [0m è½®çš„è®­ç»ƒé›†æ­£ç¡®çŽ‡ä¸º:[1;32m 0.5072 [0m epoch_mean_Loss ä¸º: [1;32m 0.00271347 [0m
2021-05-05 12:33:53 [/home/wxk/darnn/myversion/trainer.py:223 - INFO ] [1;31m Accuracy:0.5072 Precision:0.4960 Recall:0.3345 F1:0.3995 [0m
2021-05-05 12:33:53 [/home/wxk/darnn/myversion/trainer.py:225 - INFO ] [1;31m Random:0.5098	MaxAccDiff:0.000000 [0m
2021-05-05 12:33:53 [/home/wxk/darnn/myversion/trainer.py:229 - INFO ] [1;34m Valid: [0m
2021-05-05 12:34:26 [/home/wxk/darnn/myversion/trainer.py:256 - INFO ] [1;31m Accuracy:0.5105 Precision:0.0000 Recall:0.0000 F1:0.0000 val_loss:0.00271253 [0m
2021-05-05 12:34:26 [/home/wxk/darnn/myversion/trainer.py:258 - INFO ] [1;31m Random:0.5105	MaxAccDiff:0.000000 	best_model_test_acc_diff:-0.014532 [0m
2021-05-05 12:34:26 [/home/wxk/darnn/myversion/trainer.py:262 - INFO ] [1;34m Test: [0m
2021-05-05 12:34:41 [/home/wxk/darnn/myversion/trainer.py:285 - INFO ] [1;31m Accuracy:0.4927 Precision:0.0000 Recall:0.0000 F1:0.0000 val_loss:0.00272607 [0m
2021-05-05 12:34:41 [/home/wxk/darnn/myversion/trainer.py:287 - INFO ] [1;31m Random:0.5073	testMaxAccDiff:0.000000 [0m
2021-05-05 12:34:41 [/home/wxk/darnn/myversion/trainer.py:179 - INFO ] 2 no improvement, best loss: 0.0027
2021-05-05 12:34:41 [/home/wxk/darnn/myversion/trainer.py:114 - INFO ] ======epoch:4 æ­£åœ¨è®­ç»ƒ ========================>
2021-05-05 12:34:42 [/home/wxk/darnn/myversion/trainer.py:190 - INFO ] [1;34m Train: [0m
2021-05-05 12:39:29 [/home/wxk/darnn/myversion/trainer.py:221 - INFO ] ç¬¬ [1;34m 4 [0m è½®çš„è®­ç»ƒé›†æ­£ç¡®çŽ‡ä¸º:[1;32m 0.5059 [0m epoch_mean_Loss ä¸º: [1;32m 0.00271458 [0m
2021-05-05 12:39:29 [/home/wxk/darnn/myversion/trainer.py:223 - INFO ] [1;31m Accuracy:0.5059 Precision:0.4948 Recall:0.4053 F1:0.4456 [0m
2021-05-05 12:39:29 [/home/wxk/darnn/myversion/trainer.py:225 - INFO ] [1;31m Random:0.5101	MaxAccDiff:0.000000 [0m
2021-05-05 12:39:29 [/home/wxk/darnn/myversion/trainer.py:229 - INFO ] [1;34m Valid: [0m
2021-05-05 12:40:03 [/home/wxk/darnn/myversion/trainer.py:256 - INFO ] [1;31m Accuracy:0.5099 Precision:0.0000 Recall:0.0000 F1:0.0000 val_loss:0.00271009 [0m
2021-05-05 12:40:03 [/home/wxk/darnn/myversion/trainer.py:258 - INFO ] [1;31m Random:0.5099	MaxAccDiff:0.000000 	best_model_test_acc_diff:-0.014532 [0m
2021-05-05 12:40:03 [/home/wxk/darnn/myversion/trainer.py:262 - INFO ] [1;34m Test: [0m
2021-05-05 12:40:23 [/home/wxk/darnn/myversion/trainer.py:285 - INFO ] [1;31m Accuracy:0.4927 Precision:0.0000 Recall:0.0000 F1:0.0000 val_loss:0.00272034 [0m
2021-05-05 12:40:23 [/home/wxk/darnn/myversion/trainer.py:287 - INFO ] [1;31m Random:0.5073	testMaxAccDiff:0.000000 [0m
2021-05-05 12:40:23 [/home/wxk/darnn/myversion/trainer.py:176 - INFO ] Epoch: 4, now best test loss change: 0.00272034
2021-05-05 12:40:23 [/home/wxk/darnn/myversion/trainer.py:114 - INFO ] ======epoch:5 æ­£åœ¨è®­ç»ƒ ========================>
2021-05-05 12:40:24 [/home/wxk/darnn/myversion/trainer.py:190 - INFO ] [1;34m Train: [0m
2021-05-05 12:45:19 [/home/wxk/darnn/myversion/trainer.py:221 - INFO ] ç¬¬ [1;34m 5 [0m è½®çš„è®­ç»ƒé›†æ­£ç¡®çŽ‡ä¸º:[1;32m 0.5115 [0m epoch_mean_Loss ä¸º: [1;32m 0.00271407 [0m
2021-05-05 12:45:19 [/home/wxk/darnn/myversion/trainer.py:223 - INFO ] [1;31m Accuracy:0.5115 Precision:0.5024 Recall:0.3301 F1:0.3984 [0m
2021-05-05 12:45:19 [/home/wxk/darnn/myversion/trainer.py:225 - INFO ] [1;31m Random:0.5099	MaxAccDiff:0.001526 [0m
2021-05-05 12:45:19 [/home/wxk/darnn/myversion/trainer.py:229 - INFO ] [1;34m Valid: [0m
2021-05-05 12:45:54 [/home/wxk/darnn/myversion/trainer.py:256 - INFO ] [1;31m Accuracy:0.5102 Precision:0.0000 Recall:0.0000 F1:0.0000 val_loss:0.00270973 [0m
2021-05-05 12:45:54 [/home/wxk/darnn/myversion/trainer.py:258 - INFO ] [1;31m Random:0.5102	MaxAccDiff:0.000000 	best_model_test_acc_diff:-0.014532 [0m
2021-05-05 12:45:54 [/home/wxk/darnn/myversion/trainer.py:262 - INFO ] [1;34m Test: [0m
2021-05-05 12:46:14 [/home/wxk/darnn/myversion/trainer.py:285 - INFO ] [1;31m Accuracy:0.4927 Precision:0.0000 Recall:0.0000 F1:0.0000 val_loss:0.00271966 [0m
2021-05-05 12:46:14 [/home/wxk/darnn/myversion/trainer.py:287 - INFO ] [1;31m Random:0.5073	testMaxAccDiff:0.000000 [0m
2021-05-05 12:46:14 [/home/wxk/darnn/myversion/trainer.py:176 - INFO ] Epoch: 5, now best test loss change: 0.00271966
2021-05-05 12:46:14 [/home/wxk/darnn/myversion/trainer.py:114 - INFO ] ======epoch:6 æ­£åœ¨è®­ç»ƒ ========================>
2021-05-05 12:46:15 [/home/wxk/darnn/myversion/trainer.py:190 - INFO ] [1;34m Train: [0m
2021-05-05 12:51:13 [/home/wxk/darnn/myversion/trainer.py:221 - INFO ] ç¬¬ [1;34m 6 [0m è½®çš„è®­ç»ƒé›†æ­£ç¡®çŽ‡ä¸º:[1;32m 0.5079 [0m epoch_mean_Loss ä¸º: [1;32m 0.00271494 [0m
2021-05-05 12:51:13 [/home/wxk/darnn/myversion/trainer.py:223 - INFO ] [1;31m Accuracy:0.5079 Precision:0.4972 Recall:0.2964 F1:0.3714 [0m
2021-05-05 12:51:13 [/home/wxk/darnn/myversion/trainer.py:225 - INFO ] [1;31m Random:0.5095	MaxAccDiff:0.001526 [0m
2021-05-05 12:51:13 [/home/wxk/darnn/myversion/trainer.py:229 - INFO ] [1;34m Valid: [0m
2021-05-05 12:51:42 [/home/wxk/darnn/myversion/trainer.py:256 - INFO ] [1;31m Accuracy:0.5111 Precision:0.0000 Recall:0.0000 F1:0.0000 val_loss:0.00271254 [0m
2021-05-05 12:51:42 [/home/wxk/darnn/myversion/trainer.py:258 - INFO ] [1;31m Random:0.5111	MaxAccDiff:0.000000 	best_model_test_acc_diff:-0.014532 [0m
2021-05-05 12:51:42 [/home/wxk/darnn/myversion/trainer.py:262 - INFO ] [1;34m Test: [0m
2021-05-05 12:51:58 [/home/wxk/darnn/myversion/trainer.py:285 - INFO ] [1;31m Accuracy:0.4927 Precision:0.0000 Recall:0.0000 F1:0.0000 val_loss:0.00272667 [0m
2021-05-05 12:51:58 [/home/wxk/darnn/myversion/trainer.py:287 - INFO ] [1;31m Random:0.5073	testMaxAccDiff:0.000000 [0m
2021-05-05 12:51:58 [/home/wxk/darnn/myversion/trainer.py:179 - INFO ] 1 no improvement, best loss: 0.0027
2021-05-05 12:51:58 [/home/wxk/darnn/myversion/trainer.py:114 - INFO ] ======epoch:7 æ­£åœ¨è®­ç»ƒ ========================>
2021-05-05 12:51:59 [/home/wxk/darnn/myversion/trainer.py:190 - INFO ] [1;34m Train: [0m
2021-05-05 12:56:54 [/home/wxk/darnn/myversion/trainer.py:221 - INFO ] ç¬¬ [1;34m 7 [0m è½®çš„è®­ç»ƒé›†æ­£ç¡®çŽ‡ä¸º:[1;32m 0.5061 [0m epoch_mean_Loss ä¸º: [1;32m 0.00271332 [0m
2021-05-05 12:56:54 [/home/wxk/darnn/myversion/trainer.py:223 - INFO ] [1;31m Accuracy:0.5061 Precision:0.4928 Recall:0.3035 F1:0.3756 [0m
2021-05-05 12:56:54 [/home/wxk/darnn/myversion/trainer.py:225 - INFO ] [1;31m Random:0.5104	MaxAccDiff:0.001526 [0m
2021-05-05 12:56:54 [/home/wxk/darnn/myversion/trainer.py:229 - INFO ] [1;34m Valid: [0m
2021-05-05 12:57:29 [/home/wxk/darnn/myversion/trainer.py:256 - INFO ] [1;31m Accuracy:0.5091 Precision:0.0000 Recall:0.0000 F1:0.0000 val_loss:0.00271295 [0m
2021-05-05 12:57:29 [/home/wxk/darnn/myversion/trainer.py:258 - INFO ] [1;31m Random:0.5091	MaxAccDiff:0.000000 	best_model_test_acc_diff:-0.014532 [0m
2021-05-05 12:57:29 [/home/wxk/darnn/myversion/trainer.py:262 - INFO ] [1;34m Test: [0m
2021-05-05 12:57:49 [/home/wxk/darnn/myversion/trainer.py:285 - INFO ] [1;31m Accuracy:0.4927 Precision:0.0000 Recall:0.0000 F1:0.0000 val_loss:0.00272553 [0m
2021-05-05 12:57:49 [/home/wxk/darnn/myversion/trainer.py:287 - INFO ] [1;31m Random:0.5073	testMaxAccDiff:0.000000 [0m
2021-05-05 12:57:49 [/home/wxk/darnn/myversion/trainer.py:179 - INFO ] 2 no improvement, best loss: 0.0027
2021-05-05 12:57:49 [/home/wxk/darnn/myversion/trainer.py:114 - INFO ] ======epoch:8 æ­£åœ¨è®­ç»ƒ ========================>
2021-05-05 12:57:50 [/home/wxk/darnn/myversion/trainer.py:190 - INFO ] [1;34m Train: [0m
2021-05-05 13:02:50 [/home/wxk/darnn/myversion/trainer.py:221 - INFO ] ç¬¬ [1;34m 8 [0m è½®çš„è®­ç»ƒé›†æ­£ç¡®çŽ‡ä¸º:[1;32m 0.5061 [0m epoch_mean_Loss ä¸º: [1;32m 0.00271278 [0m
2021-05-05 13:02:50 [/home/wxk/darnn/myversion/trainer.py:223 - INFO ] [1;31m Accuracy:0.5061 Precision:0.4944 Recall:0.3039 F1:0.3764 [0m
2021-05-05 13:02:50 [/home/wxk/darnn/myversion/trainer.py:225 - INFO ] [1;31m Random:0.5095	MaxAccDiff:0.001526 [0m
2021-05-05 13:02:50 [/home/wxk/darnn/myversion/trainer.py:229 - INFO ] [1;34m Valid: [0m
2021-05-05 13:03:25 [/home/wxk/darnn/myversion/trainer.py:256 - INFO ] [1;31m Accuracy:0.5113 Precision:0.0000 Recall:0.0000 F1:0.0000 val_loss:0.00271228 [0m
2021-05-05 13:03:25 [/home/wxk/darnn/myversion/trainer.py:258 - INFO ] [1;31m Random:0.5113	MaxAccDiff:0.000000 	best_model_test_acc_diff:-0.014532 [0m
2021-05-05 13:03:25 [/home/wxk/darnn/myversion/trainer.py:262 - INFO ] [1;34m Test: [0m
2021-05-05 13:03:42 [/home/wxk/darnn/myversion/trainer.py:285 - INFO ] [1;31m Accuracy:0.4927 Precision:0.0000 Recall:0.0000 F1:0.0000 val_loss:0.00272630 [0m
2021-05-05 13:03:42 [/home/wxk/darnn/myversion/trainer.py:287 - INFO ] [1;31m Random:0.5073	testMaxAccDiff:0.000000 [0m
2021-05-05 13:03:42 [/home/wxk/darnn/myversion/trainer.py:179 - INFO ] 3 no improvement, best loss: 0.0027
2021-05-05 13:03:42 [/home/wxk/darnn/myversion/trainer.py:114 - INFO ] ======epoch:9 æ­£åœ¨è®­ç»ƒ ========================>
2021-05-05 13:03:43 [/home/wxk/darnn/myversion/trainer.py:190 - INFO ] [1;34m Train: [0m
2021-05-05 13:08:33 [/home/wxk/darnn/myversion/trainer.py:221 - INFO ] ç¬¬ [1;34m 9 [0m è½®çš„è®­ç»ƒé›†æ­£ç¡®çŽ‡ä¸º:[1;32m 0.5083 [0m epoch_mean_Loss ä¸º: [1;32m 0.00271259 [0m
2021-05-05 13:08:33 [/home/wxk/darnn/myversion/trainer.py:223 - INFO ] [1;31m Accuracy:0.5083 Precision:0.4979 Recall:0.3436 F1:0.4066 [0m
2021-05-05 13:08:33 [/home/wxk/darnn/myversion/trainer.py:225 - INFO ] [1;31m Random:0.5097	MaxAccDiff:0.001526 [0m
2021-05-05 13:08:33 [/home/wxk/darnn/myversion/trainer.py:229 - INFO ] [1;34m Valid: [0m
2021-05-05 13:09:06 [/home/wxk/darnn/myversion/trainer.py:256 - INFO ] [1;31m Accuracy:0.5108 Precision:0.0000 Recall:0.0000 F1:0.0000 val_loss:0.00276897 [0m
2021-05-05 13:09:06 [/home/wxk/darnn/myversion/trainer.py:258 - INFO ] [1;31m Random:0.5108	MaxAccDiff:0.000000 	best_model_test_acc_diff:-0.014532 [0m
2021-05-05 13:09:06 [/home/wxk/darnn/myversion/trainer.py:262 - INFO ] [1;34m Test: [0m
2021-05-05 13:09:26 [/home/wxk/darnn/myversion/trainer.py:285 - INFO ] [1;31m Accuracy:0.4927 Precision:0.0000 Recall:0.0000 F1:0.0000 val_loss:0.00280278 [0m
2021-05-05 13:09:26 [/home/wxk/darnn/myversion/trainer.py:287 - INFO ] [1;31m Random:0.5073	testMaxAccDiff:0.000000 [0m
2021-05-05 13:09:26 [/home/wxk/darnn/myversion/trainer.py:179 - INFO ] 4 no improvement, best loss: 0.0027
2021-05-05 13:09:26 [/home/wxk/darnn/myversion/trainer.py:114 - INFO ] ======epoch:10 æ­£åœ¨è®­ç»ƒ ========================>
2021-05-05 13:09:26 [/home/wxk/darnn/myversion/trainer.py:190 - INFO ] [1;34m Train: [0m
2021-05-05 13:14:24 [/home/wxk/darnn/myversion/trainer.py:221 - INFO ] ç¬¬ [1;34m 10 [0m è½®çš„è®­ç»ƒé›†æ­£ç¡®çŽ‡ä¸º:[1;32m 0.5073 [0m epoch_mean_Loss ä¸º: [1;32m 0.00271541 [0m
2021-05-05 13:14:24 [/home/wxk/darnn/myversion/trainer.py:223 - INFO ] [1;31m Accuracy:0.5073 Precision:0.4962 Recall:0.3793 F1:0.4299 [0m
2021-05-05 13:14:24 [/home/wxk/darnn/myversion/trainer.py:225 - INFO ] [1;31m Random:0.5102	MaxAccDiff:0.001526 [0m
2021-05-05 13:14:24 [/home/wxk/darnn/myversion/trainer.py:229 - INFO ] [1;34m Valid: [0m
2021-05-05 13:15:01 [/home/wxk/darnn/myversion/trainer.py:256 - INFO ] [1;31m Accuracy:0.5095 Precision:0.0000 Recall:0.0000 F1:0.0000 val_loss:0.00274539 [0m
2021-05-05 13:15:01 [/home/wxk/darnn/myversion/trainer.py:258 - INFO ] [1;31m Random:0.5095	MaxAccDiff:0.000000 	best_model_test_acc_diff:-0.014532 [0m
2021-05-05 13:15:01 [/home/wxk/darnn/myversion/trainer.py:262 - INFO ] [1;34m Test: [0m
2021-05-05 13:15:22 [/home/wxk/darnn/myversion/trainer.py:285 - INFO ] [1;31m Accuracy:0.4927 Precision:0.0000 Recall:0.0000 F1:0.0000 val_loss:0.00277139 [0m
2021-05-05 13:15:22 [/home/wxk/darnn/myversion/trainer.py:287 - INFO ] [1;31m Random:0.5073	testMaxAccDiff:0.000000 [0m
2021-05-05 13:15:22 [/home/wxk/darnn/myversion/trainer.py:179 - INFO ] 5 no improvement, best loss: 0.0027
2021-05-05 13:15:22 [/home/wxk/darnn/myversion/trainer.py:114 - INFO ] ======epoch:11 æ­£åœ¨è®­ç»ƒ ========================>
2021-05-05 13:15:22 [/home/wxk/darnn/myversion/trainer.py:190 - INFO ] [1;34m Train: [0m
2021-05-05 13:20:13 [/home/wxk/darnn/myversion/trainer.py:221 - INFO ] ç¬¬ [1;34m 11 [0m è½®çš„è®­ç»ƒé›†æ­£ç¡®çŽ‡ä¸º:[1;32m 0.5074 [0m epoch_mean_Loss ä¸º: [1;32m 0.00271517 [0m
2021-05-05 13:20:13 [/home/wxk/darnn/myversion/trainer.py:223 - INFO ] [1;31m Accuracy:0.5074 Precision:0.4958 Recall:0.3396 F1:0.4031 [0m
2021-05-05 13:20:13 [/home/wxk/darnn/myversion/trainer.py:225 - INFO ] [1;31m Random:0.5102	MaxAccDiff:0.001526 [0m
2021-05-05 13:20:13 [/home/wxk/darnn/myversion/trainer.py:229 - INFO ] [1;34m Valid: [0m
2021-05-05 13:20:48 [/home/wxk/darnn/myversion/trainer.py:256 - INFO ] [1;31m Accuracy:0.5095 Precision:0.0000 Recall:0.0000 F1:0.0000 val_loss:0.00272275 [0m
2021-05-05 13:20:48 [/home/wxk/darnn/myversion/trainer.py:258 - INFO ] [1;31m Random:0.5095	MaxAccDiff:0.000000 	best_model_test_acc_diff:-0.014532 [0m
2021-05-05 13:20:48 [/home/wxk/darnn/myversion/trainer.py:262 - INFO ] [1;34m Test: [0m
2021-05-05 13:21:06 [/home/wxk/darnn/myversion/trainer.py:285 - INFO ] [1;31m Accuracy:0.4927 Precision:0.0000 Recall:0.0000 F1:0.0000 val_loss:0.00274120 [0m
2021-05-05 13:21:06 [/home/wxk/darnn/myversion/trainer.py:287 - INFO ] [1;31m Random:0.5073	testMaxAccDiff:0.000000 [0m
2021-05-05 13:21:06 [/home/wxk/darnn/myversion/trainer.py:179 - INFO ] 6 no improvement, best loss: 0.0027
2021-05-05 13:21:06 [/home/wxk/darnn/myversion/trainer.py:114 - INFO ] ======epoch:12 æ­£åœ¨è®­ç»ƒ ========================>
2021-05-05 13:21:07 [/home/wxk/darnn/myversion/trainer.py:190 - INFO ] [1;34m Train: [0m
2021-05-05 13:26:02 [/home/wxk/darnn/myversion/trainer.py:221 - INFO ] ç¬¬ [1;34m 12 [0m è½®çš„è®­ç»ƒé›†æ­£ç¡®çŽ‡ä¸º:[1;32m 0.5089 [0m epoch_mean_Loss ä¸º: [1;32m 0.00271512 [0m
2021-05-05 13:26:02 [/home/wxk/darnn/myversion/trainer.py:223 - INFO ] [1;31m Accuracy:0.5089 Precision:0.4965 Recall:0.2874 F1:0.3641 [0m
2021-05-05 13:26:02 [/home/wxk/darnn/myversion/trainer.py:225 - INFO ] [1;31m Random:0.5108	MaxAccDiff:0.001526 [0m
2021-05-05 13:26:02 [/home/wxk/darnn/myversion/trainer.py:229 - INFO ] [1;34m Valid: [0m
2021-05-05 13:26:40 [/home/wxk/darnn/myversion/trainer.py:256 - INFO ] [1;31m Accuracy:0.5081 Precision:0.0000 Recall:0.0000 F1:0.0000 val_loss:0.00271098 [0m
2021-05-05 13:26:40 [/home/wxk/darnn/myversion/trainer.py:258 - INFO ] [1;31m Random:0.5081	MaxAccDiff:0.000000 	best_model_test_acc_diff:-0.014532 [0m
2021-05-05 13:26:40 [/home/wxk/darnn/myversion/trainer.py:262 - INFO ] [1;34m Test: [0m
2021-05-05 13:27:01 [/home/wxk/darnn/myversion/trainer.py:285 - INFO ] [1;31m Accuracy:0.4927 Precision:0.0000 Recall:0.0000 F1:0.0000 val_loss:0.00272096 [0m
2021-05-05 13:27:01 [/home/wxk/darnn/myversion/trainer.py:287 - INFO ] [1;31m Random:0.5073	testMaxAccDiff:0.000000 [0m
2021-05-05 13:27:01 [/home/wxk/darnn/myversion/trainer.py:179 - INFO ] 7 no improvement, best loss: 0.0027
2021-05-05 13:27:01 [/home/wxk/darnn/myversion/trainer.py:114 - INFO ] ======epoch:13 æ­£åœ¨è®­ç»ƒ ========================>
2021-05-05 13:27:01 [/home/wxk/darnn/myversion/trainer.py:190 - INFO ] [1;34m Train: [0m
2021-05-05 13:31:59 [/home/wxk/darnn/myversion/trainer.py:221 - INFO ] ç¬¬ [1;34m 13 [0m è½®çš„è®­ç»ƒé›†æ­£ç¡®çŽ‡ä¸º:[1;32m 0.5101 [0m epoch_mean_Loss ä¸º: [1;32m 0.00271326 [0m
2021-05-05 13:31:59 [/home/wxk/darnn/myversion/trainer.py:223 - INFO ] [1;31m Accuracy:0.5101 Precision:0.4993 Recall:0.3278 F1:0.3958 [0m
2021-05-05 13:31:59 [/home/wxk/darnn/myversion/trainer.py:225 - INFO ] [1;31m Random:0.5106	MaxAccDiff:0.001526 [0m
2021-05-05 13:31:59 [/home/wxk/darnn/myversion/trainer.py:229 - INFO ] [1;34m Valid: [0m
2021-05-05 13:32:32 [/home/wxk/darnn/myversion/trainer.py:256 - INFO ] [1;31m Accuracy:0.5087 Precision:0.0000 Recall:0.0000 F1:0.0000 val_loss:0.00271110 [0m
2021-05-05 13:32:32 [/home/wxk/darnn/myversion/trainer.py:258 - INFO ] [1;31m Random:0.5087	MaxAccDiff:0.000000 	best_model_test_acc_diff:-0.014532 [0m
2021-05-05 13:32:32 [/home/wxk/darnn/myversion/trainer.py:262 - INFO ] [1;34m Test: [0m
2021-05-05 13:32:51 [/home/wxk/darnn/myversion/trainer.py:285 - INFO ] [1;31m Accuracy:0.4927 Precision:0.0000 Recall:0.0000 F1:0.0000 val_loss:0.00272170 [0m
2021-05-05 13:32:51 [/home/wxk/darnn/myversion/trainer.py:287 - INFO ] [1;31m Random:0.5073	testMaxAccDiff:0.000000 [0m
2021-05-05 13:32:51 [/home/wxk/darnn/myversion/trainer.py:179 - INFO ] 8 no improvement, best loss: 0.0027
2021-05-05 13:32:51 [/home/wxk/darnn/myversion/trainer.py:114 - INFO ] ======epoch:14 æ­£åœ¨è®­ç»ƒ ========================>
2021-05-05 13:32:51 [/home/wxk/darnn/myversion/trainer.py:190 - INFO ] [1;34m Train: [0m
2021-05-05 13:37:50 [/home/wxk/darnn/myversion/trainer.py:221 - INFO ] ç¬¬ [1;34m 14 [0m è½®çš„è®­ç»ƒé›†æ­£ç¡®çŽ‡ä¸º:[1;32m 0.5078 [0m epoch_mean_Loss ä¸º: [1;32m 0.00271543 [0m
2021-05-05 13:37:50 [/home/wxk/darnn/myversion/trainer.py:223 - INFO ] [1;31m Accuracy:0.5078 Precision:0.4973 Recall:0.3215 F1:0.3905 [0m
2021-05-05 13:37:50 [/home/wxk/darnn/myversion/trainer.py:225 - INFO ] [1;31m Random:0.5095	MaxAccDiff:0.001526 [0m
2021-05-05 13:37:50 [/home/wxk/darnn/myversion/trainer.py:229 - INFO ] [1;34m Valid: [0m
2021-05-05 13:38:22 [/home/wxk/darnn/myversion/trainer.py:256 - INFO ] [1;31m Accuracy:0.5113 Precision:0.0000 Recall:0.0000 F1:0.0000 val_loss:0.00270949 [0m
2021-05-05 13:38:22 [/home/wxk/darnn/myversion/trainer.py:258 - INFO ] [1;31m Random:0.5113	MaxAccDiff:0.000000 	best_model_test_acc_diff:-0.014532 [0m
2021-05-05 13:38:22 [/home/wxk/darnn/myversion/trainer.py:262 - INFO ] [1;34m Test: [0m
2021-05-05 13:38:41 [/home/wxk/darnn/myversion/trainer.py:285 - INFO ] [1;31m Accuracy:0.4927 Precision:0.0000 Recall:0.0000 F1:0.0000 val_loss:0.00271992 [0m
2021-05-05 13:38:41 [/home/wxk/darnn/myversion/trainer.py:287 - INFO ] [1;31m Random:0.5073	testMaxAccDiff:0.000000 [0m
2021-05-05 13:38:41 [/home/wxk/darnn/myversion/trainer.py:179 - INFO ] 9 no improvement, best loss: 0.0027
2021-05-05 13:38:41 [/home/wxk/darnn/myversion/trainer.py:114 - INFO ] ======epoch:15 æ­£åœ¨è®­ç»ƒ ========================>
2021-05-05 13:38:41 [/home/wxk/darnn/myversion/trainer.py:190 - INFO ] [1;34m Train: [0m
2021-05-05 13:43:41 [/home/wxk/darnn/myversion/trainer.py:221 - INFO ] ç¬¬ [1;34m 15 [0m è½®çš„è®­ç»ƒé›†æ­£ç¡®çŽ‡ä¸º:[1;32m 0.5046 [0m epoch_mean_Loss ä¸º: [1;32m 0.00271575 [0m
2021-05-05 13:43:41 [/home/wxk/darnn/myversion/trainer.py:223 - INFO ] [1;31m Accuracy:0.5046 Precision:0.4914 Recall:0.3202 F1:0.3878 [0m
2021-05-05 13:43:41 [/home/wxk/darnn/myversion/trainer.py:225 - INFO ] [1;31m Random:0.5101	MaxAccDiff:0.001526 [0m
2021-05-05 13:43:41 [/home/wxk/darnn/myversion/trainer.py:229 - INFO ] [1;34m Valid: [0m
2021-05-05 13:44:16 [/home/wxk/darnn/myversion/trainer.py:256 - INFO ] [1;31m Accuracy:0.5099 Precision:0.0000 Recall:0.0000 F1:0.0000 val_loss:0.00271001 [0m
2021-05-05 13:44:16 [/home/wxk/darnn/myversion/trainer.py:258 - INFO ] [1;31m Random:0.5099	MaxAccDiff:0.000000 	best_model_test_acc_diff:-0.014532 [0m
2021-05-05 13:44:16 [/home/wxk/darnn/myversion/trainer.py:262 - INFO ] [1;34m Test: [0m
2021-05-05 13:44:34 [/home/wxk/darnn/myversion/trainer.py:285 - INFO ] [1;31m Accuracy:0.4927 Precision:0.0000 Recall:0.0000 F1:0.0000 val_loss:0.00272011 [0m
2021-05-05 13:44:34 [/home/wxk/darnn/myversion/trainer.py:287 - INFO ] [1;31m Random:0.5073	testMaxAccDiff:0.000000 [0m
2021-05-05 13:44:34 [/home/wxk/darnn/myversion/trainer.py:179 - INFO ] 10 no improvement, best loss: 0.0027
2021-05-05 13:44:34 [/home/wxk/darnn/myversion/trainer.py:114 - INFO ] ======epoch:16 æ­£åœ¨è®­ç»ƒ ========================>
2021-05-05 13:44:35 [/home/wxk/darnn/myversion/trainer.py:190 - INFO ] [1;34m Train: [0m
2021-05-05 13:49:28 [/home/wxk/darnn/myversion/trainer.py:221 - INFO ] ç¬¬ [1;34m 16 [0m è½®çš„è®­ç»ƒé›†æ­£ç¡®çŽ‡ä¸º:[1;32m 0.5085 [0m epoch_mean_Loss ä¸º: [1;32m 0.00271256 [0m
2021-05-05 13:49:28 [/home/wxk/darnn/myversion/trainer.py:223 - INFO ] [1;31m Accuracy:0.5085 Precision:0.4989 Recall:0.3483 F1:0.4102 [0m
2021-05-05 13:49:28 [/home/wxk/darnn/myversion/trainer.py:225 - INFO ] [1;31m Random:0.5093	MaxAccDiff:0.001526 [0m
2021-05-05 13:49:28 [/home/wxk/darnn/myversion/trainer.py:229 - INFO ] [1;34m Valid: [0m
2021-05-05 13:50:03 [/home/wxk/darnn/myversion/trainer.py:256 - INFO ] [1;31m Accuracy:0.5117 Precision:0.0000 Recall:0.0000 F1:0.0000 val_loss:0.00271093 [0m
2021-05-05 13:50:03 [/home/wxk/darnn/myversion/trainer.py:258 - INFO ] [1;31m Random:0.5117	MaxAccDiff:0.000000 	best_model_test_acc_diff:-0.014532 [0m
2021-05-05 13:50:03 [/home/wxk/darnn/myversion/trainer.py:262 - INFO ] [1;34m Test: [0m
2021-05-05 13:50:21 [/home/wxk/darnn/myversion/trainer.py:285 - INFO ] [1;31m Accuracy:0.4927 Precision:0.0000 Recall:0.0000 F1:0.0000 val_loss:0.00272399 [0m
2021-05-05 13:50:21 [/home/wxk/darnn/myversion/trainer.py:287 - INFO ] [1;31m Random:0.5073	testMaxAccDiff:0.000000 [0m
2021-05-05 13:50:21 [/home/wxk/darnn/myversion/trainer.py:179 - INFO ] 11 no improvement, best loss: 0.0027
2021-05-05 13:50:21 [/home/wxk/darnn/myversion/trainer.py:114 - INFO ] ======epoch:17 æ­£åœ¨è®­ç»ƒ ========================>
2021-05-05 13:50:21 [/home/wxk/darnn/myversion/trainer.py:190 - INFO ] [1;34m Train: [0m
2021-05-05 13:55:16 [/home/wxk/darnn/myversion/trainer.py:221 - INFO ] ç¬¬ [1;34m 17 [0m è½®çš„è®­ç»ƒé›†æ­£ç¡®çŽ‡ä¸º:[1;32m 0.4996 [0m epoch_mean_Loss ä¸º: [1;32m 0.00271909 [0m
2021-05-05 13:55:16 [/home/wxk/darnn/myversion/trainer.py:223 - INFO ] [1;31m Accuracy:0.4996 Precision:0.4877 Recall:0.4342 F1:0.4594 [0m
2021-05-05 13:55:16 [/home/wxk/darnn/myversion/trainer.py:225 - INFO ] [1;31m Random:0.5103	MaxAccDiff:0.001526 [0m
2021-05-05 13:55:16 [/home/wxk/darnn/myversion/trainer.py:229 - INFO ] [1;34m Valid: [0m
2021-05-05 13:55:51 [/home/wxk/darnn/myversion/trainer.py:256 - INFO ] [1;31m Accuracy:0.5094 Precision:0.0000 Recall:0.0000 F1:0.0000 val_loss:0.00271040 [0m
2021-05-05 13:55:51 [/home/wxk/darnn/myversion/trainer.py:258 - INFO ] [1;31m Random:0.5094	MaxAccDiff:0.000000 	best_model_test_acc_diff:-0.014532 [0m
2021-05-05 13:55:51 [/home/wxk/darnn/myversion/trainer.py:262 - INFO ] [1;34m Test: [0m
2021-05-05 13:56:11 [/home/wxk/darnn/myversion/trainer.py:285 - INFO ] [1;31m Accuracy:0.4927 Precision:0.0000 Recall:0.0000 F1:0.0000 val_loss:0.00272071 [0m
2021-05-05 13:56:11 [/home/wxk/darnn/myversion/trainer.py:287 - INFO ] [1;31m Random:0.5073	testMaxAccDiff:0.000000 [0m
2021-05-05 13:56:11 [/home/wxk/darnn/myversion/trainer.py:179 - INFO ] 12 no improvement, best loss: 0.0027
2021-05-05 13:56:11 [/home/wxk/darnn/myversion/trainer.py:114 - INFO ] ======epoch:18 æ­£åœ¨è®­ç»ƒ ========================>
2021-05-05 13:56:12 [/home/wxk/darnn/myversion/trainer.py:190 - INFO ] [1;34m Train: [0m
2021-05-05 14:01:07 [/home/wxk/darnn/myversion/trainer.py:221 - INFO ] ç¬¬ [1;34m 18 [0m è½®çš„è®­ç»ƒé›†æ­£ç¡®çŽ‡ä¸º:[1;32m 0.5102 [0m epoch_mean_Loss ä¸º: [1;32m 0.00271248 [0m
2021-05-05 14:01:07 [/home/wxk/darnn/myversion/trainer.py:223 - INFO ] [1;31m Accuracy:0.5102 Precision:0.5012 Recall:0.3514 F1:0.4131 [0m
2021-05-05 14:01:07 [/home/wxk/darnn/myversion/trainer.py:225 - INFO ] [1;31m Random:0.5093	MaxAccDiff:0.001526 [0m
2021-05-05 14:01:07 [/home/wxk/darnn/myversion/trainer.py:229 - INFO ] [1;34m Valid: [0m
2021-05-05 14:01:41 [/home/wxk/darnn/myversion/trainer.py:256 - INFO ] [1;31m Accuracy:0.5117 Precision:0.0000 Recall:0.0000 F1:0.0000 val_loss:0.00270987 [0m
2021-05-05 14:01:41 [/home/wxk/darnn/myversion/trainer.py:258 - INFO ] [1;31m Random:0.5117	MaxAccDiff:0.000000 	best_model_test_acc_diff:-0.014532 [0m
2021-05-05 14:01:41 [/home/wxk/darnn/myversion/trainer.py:262 - INFO ] [1;34m Test: [0m
2021-05-05 14:02:02 [/home/wxk/darnn/myversion/trainer.py:285 - INFO ] [1;31m Accuracy:0.4927 Precision:0.0000 Recall:0.0000 F1:0.0000 val_loss:0.00272144 [0m
2021-05-05 14:02:02 [/home/wxk/darnn/myversion/trainer.py:287 - INFO ] [1;31m Random:0.5073	testMaxAccDiff:0.000000 [0m
2021-05-05 14:02:02 [/home/wxk/darnn/myversion/trainer.py:179 - INFO ] 13 no improvement, best loss: 0.0027
2021-05-05 14:02:02 [/home/wxk/darnn/myversion/trainer.py:114 - INFO ] ======epoch:19 æ­£åœ¨è®­ç»ƒ ========================>
2021-05-05 14:02:02 [/home/wxk/darnn/myversion/trainer.py:190 - INFO ] [1;34m Train: [0m
