2021-05-09 13:42:10 [/home/wxk/darnn/myversion/trainer.py:46 - INFO ] æ­¤æ¬¡å®žéªŒè®¾å¤‡ä¸º:cuda:0
2021-05-09 13:42:10 [/home/wxk/darnn/myversion/trainer.py:47 - INFO ] å®žéªŒå‚æ•°å¦‚ä¸‹:
2021-05-09 13:42:10 [/home/wxk/darnn/myversion/trainer.py:48 - INFO ] {'input_size': 6, 'T': 30, 'encoder_num_hidden': 32, 'decoder_num_hidden': 32, 'drop_ratio': 0}
2021-05-09 13:42:10 [/home/wxk/darnn/myversion/trainer.py:49 - INFO ] {'epoch': 1500, 'batch': 256, 'split': 30, 'learning_rate': 0.001, 'weight_decay': 0.01, 'patience': 2000, 'stop': 1000, 'resume': False, 'checkpoint_path': '../result/', 'log_file': 'trainer.log'}
2021-05-09 13:42:10 [/home/wxk/darnn/myversion/trainer.py:50 - INFO ] {'train_list': [2010, 2011, 2012, 2013, 2014, 2015, 2016, 2017, 2018], 'test_list': [123, 456, 789, 1012], 'datapath': '../v_30day', 'T': 30}
2021-05-09 13:42:10 [/home/wxk/darnn/myversion/trainer.py:60 - INFO ] Load Checkpoint......
2021-05-09 13:42:10 [/home/wxk/darnn/myversion/trainer.py:83 - INFO ] æ²¡æœ‰å­˜æ¡£ç‚¹ï¼Œå„ç§å‚æ•°åˆå§‹åŒ–
2021-05-09 13:42:13 [/home/wxk/darnn/myversion/trainer.py:53 - INFO ] å¯¼å…¥æ•°æ®é›†......
2021-05-09 13:42:15 [/home/wxk/darnn/myversion/trainer.py:55 - INFO ] æ•°æ®é›†å¯¼å…¥æˆåŠŸï¼
2021-05-09 13:42:15 [/home/wxk/darnn/myversion/trainer.py:113 - INFO ] ======epoch:1 æ­£åœ¨è®­ç»ƒ ========================>
2021-05-09 13:42:15 [/home/wxk/darnn/myversion/trainer.py:189 - INFO ] [1;34m Train: [0m
2021-05-09 13:43:03 [/home/wxk/darnn/myversion/trainer.py:220 - INFO ] ç¬¬ [1;34m 1 [0m è½®çš„è®­ç»ƒé›†æ­£ç¡®çŽ‡ä¸º:[1;32m 0.5102 [0m epoch_mean_Loss ä¸º: [1;32m 0.00270817 [0m
2021-05-09 13:43:03 [/home/wxk/darnn/myversion/trainer.py:222 - INFO ] [1;31m Accuracy:0.5102 Precision:0.0000 Recall:0.0000 F1:0.0000 [0m
2021-05-09 13:43:03 [/home/wxk/darnn/myversion/trainer.py:224 - INFO ] [1;31m Random:0.5102	MaxAccDiff:0.000000 [0m
2021-05-09 13:43:03 [/home/wxk/darnn/myversion/trainer.py:228 - INFO ] [1;34m Valid: [0m
2021-05-09 13:43:13 [/home/wxk/darnn/myversion/trainer.py:255 - INFO ] [1;31m Accuracy:0.5103 Precision:0.0000 Recall:0.0000 F1:0.0000 val_loss:0.00270740 [0m
2021-05-09 13:43:13 [/home/wxk/darnn/myversion/trainer.py:257 - INFO ] [1;31m Random:0.5103	MaxAccDiff:0.000000 	best_model_test_acc_diff:0.000000 [0m
2021-05-09 13:43:13 [/home/wxk/darnn/myversion/trainer.py:261 - INFO ] [1;34m Test: [0m
2021-05-09 13:43:19 [/home/wxk/darnn/myversion/trainer.py:284 - INFO ] [1;31m Accuracy:0.4927 Precision:0.0000 Recall:0.0000 F1:0.0000 val_loss:0.00271376 [0m
2021-05-09 13:43:19 [/home/wxk/darnn/myversion/trainer.py:286 - INFO ] [1;31m Random:0.5073	testMaxAccDiff:0.000000 [0m
2021-05-09 13:43:19 [/home/wxk/darnn/myversion/trainer.py:175 - INFO ] Epoch: 1, now best test loss change: 0.00271376
2021-05-09 13:43:19 [/home/wxk/darnn/myversion/trainer.py:113 - INFO ] ======epoch:2 æ­£åœ¨è®­ç»ƒ ========================>
2021-05-09 13:43:19 [/home/wxk/darnn/myversion/trainer.py:189 - INFO ] [1;34m Train: [0m
