2021-05-06 12:08:47 [/home/wxk/darnn/myversion/trainer.py:46 - INFO ] æ­¤æ¬¡å®žéªŒè®¾å¤‡ä¸º:cuda:0
2021-05-06 12:08:47 [/home/wxk/darnn/myversion/trainer.py:47 - INFO ] å®žéªŒå‚æ•°å¦‚ä¸‹:
2021-05-06 12:08:47 [/home/wxk/darnn/myversion/trainer.py:48 - INFO ] {'input_size': 6, 'T': 20, 'encoder_num_hidden': 64, 'decoder_num_hidden': 64, 'drop_ratio': 0}
2021-05-06 12:08:47 [/home/wxk/darnn/myversion/trainer.py:49 - INFO ] {'epoch': 1500, 'batch': 256, 'split': 30, 'learning_rate': 0.001, 'patience': 200, 'stop': 1000, 'resume': False, 'checkpoint_path': '../result/', 'log_file': 'trainer.log'}
2021-05-06 12:08:47 [/home/wxk/darnn/myversion/trainer.py:50 - INFO ] {'train_list': [2010, 2011, 2012, 2013, 2014, 2015, 2016, 2017, 2018], 'test_list': [123, 456, 789, 1012], 'datapath': '../v_20day', 'T': 20}
2021-05-06 12:08:47 [/home/wxk/darnn/myversion/trainer.py:61 - INFO ] Load Checkpoint......
2021-05-06 12:08:47 [/home/wxk/darnn/myversion/trainer.py:84 - INFO ] æ²¡æœ‰å­˜æ¡£ç‚¹ï¼Œå„ç§å‚æ•°åˆå§‹åŒ–
2021-05-06 12:08:49 [/home/wxk/darnn/myversion/trainer.py:54 - INFO ] å¯¼å…¥æ•°æ®é›†......
2021-05-06 12:08:50 [/home/wxk/darnn/myversion/trainer.py:56 - INFO ] æ•°æ®é›†å¯¼å…¥æˆåŠŸï¼
2021-05-06 12:08:50 [/home/wxk/darnn/myversion/trainer.py:114 - INFO ] ======epoch:1 æ­£åœ¨è®­ç»ƒ ========================>
2021-05-06 12:08:51 [/home/wxk/darnn/myversion/trainer.py:190 - INFO ] [1;34m Train: [0m
2021-05-06 12:11:18 [/home/wxk/darnn/myversion/trainer.py:221 - INFO ] ç¬¬ [1;34m 1 [0m è½®çš„è®­ç»ƒé›†æ­£ç¡®çŽ‡ä¸º:[1;32m 0.5150 [0m epoch_mean_Loss ä¸º: [1;32m 0.00270656 [0m
2021-05-06 12:11:18 [/home/wxk/darnn/myversion/trainer.py:223 - INFO ] [1;31m Accuracy:0.5150 Precision:0.5066 Recall:0.3936 F1:0.4430 [0m
2021-05-06 12:11:18 [/home/wxk/darnn/myversion/trainer.py:225 - INFO ] [1;31m Random:0.5100	MaxAccDiff:0.005032 [0m
2021-05-06 12:11:18 [/home/wxk/darnn/myversion/trainer.py:229 - INFO ] [1;34m Valid: [0m
2021-05-06 12:11:36 [/home/wxk/darnn/myversion/trainer.py:256 - INFO ] [1;31m Accuracy:0.5104 Precision:0.5051 Recall:0.0349 F1:0.0653 val_loss:0.00271007 [0m
2021-05-06 12:11:36 [/home/wxk/darnn/myversion/trainer.py:258 - INFO ] [1;31m Random:0.5101	MaxAccDiff:0.000342 	best_model_test_acc_diff:0.000000 [0m
2021-05-06 12:11:36 [/home/wxk/darnn/myversion/trainer.py:262 - INFO ] [1;34m Test: [0m
2021-05-06 12:11:46 [/home/wxk/darnn/myversion/trainer.py:285 - INFO ] [1;31m Accuracy:0.4939 Precision:0.5263 Recall:0.0232 F1:0.0444 val_loss:0.00272701 [0m
2021-05-06 12:11:46 [/home/wxk/darnn/myversion/trainer.py:287 - INFO ] [1;31m Random:0.5073	testMaxAccDiff:0.000000 [0m
2021-05-06 12:11:46 [/home/wxk/darnn/myversion/trainer.py:176 - INFO ] Epoch: 1, now best test loss change: 0.00272701
2021-05-06 12:11:46 [/home/wxk/darnn/myversion/trainer.py:114 - INFO ] ======epoch:2 æ­£åœ¨è®­ç»ƒ ========================>
2021-05-06 12:11:46 [/home/wxk/darnn/myversion/trainer.py:190 - INFO ] [1;34m Train: [0m
2021-05-06 12:14:20 [/home/wxk/darnn/myversion/trainer.py:221 - INFO ] ç¬¬ [1;34m 2 [0m è½®çš„è®­ç»ƒé›†æ­£ç¡®çŽ‡ä¸º:[1;32m 0.5167 [0m epoch_mean_Loss ä¸º: [1;32m 0.00270579 [0m
2021-05-06 12:14:20 [/home/wxk/darnn/myversion/trainer.py:223 - INFO ] [1;31m Accuracy:0.5167 Precision:0.5105 Recall:0.3196 F1:0.3931 [0m
2021-05-06 12:14:20 [/home/wxk/darnn/myversion/trainer.py:225 - INFO ] [1;31m Random:0.5102	MaxAccDiff:0.006467 [0m
2021-05-06 12:14:20 [/home/wxk/darnn/myversion/trainer.py:229 - INFO ] [1;34m Valid: [0m
2021-05-06 12:14:37 [/home/wxk/darnn/myversion/trainer.py:256 - INFO ] [1;31m Accuracy:0.5114 Precision:0.5155 Recall:0.0612 F1:0.1093 val_loss:0.00270938 [0m
2021-05-06 12:14:37 [/home/wxk/darnn/myversion/trainer.py:258 - INFO ] [1;31m Random:0.5096	MaxAccDiff:0.001806 	best_model_test_acc_diff:-0.013355 [0m
2021-05-06 12:14:37 [/home/wxk/darnn/myversion/trainer.py:262 - INFO ] [1;34m Test: [0m
2021-05-06 12:14:47 [/home/wxk/darnn/myversion/trainer.py:285 - INFO ] [1;31m Accuracy:0.4950 Precision:0.5288 Recall:0.0405 F1:0.0752 val_loss:0.00272546 [0m
2021-05-06 12:14:47 [/home/wxk/darnn/myversion/trainer.py:287 - INFO ] [1;31m Random:0.5073	testMaxAccDiff:0.000000 [0m
2021-05-06 12:14:47 [/home/wxk/darnn/myversion/trainer.py:176 - INFO ] Epoch: 2, now best test loss change: 0.00272546
2021-05-06 12:14:47 [/home/wxk/darnn/myversion/trainer.py:114 - INFO ] ======epoch:3 æ­£åœ¨è®­ç»ƒ ========================>
2021-05-06 12:14:48 [/home/wxk/darnn/myversion/trainer.py:190 - INFO ] [1;34m Train: [0m
2021-05-06 12:17:22 [/home/wxk/darnn/myversion/trainer.py:221 - INFO ] ç¬¬ [1;34m 3 [0m è½®çš„è®­ç»ƒé›†æ­£ç¡®çŽ‡ä¸º:[1;32m 0.5163 [0m epoch_mean_Loss ä¸º: [1;32m 0.00270522 [0m
2021-05-06 12:17:22 [/home/wxk/darnn/myversion/trainer.py:223 - INFO ] [1;31m Accuracy:0.5163 Precision:0.5100 Recall:0.3376 F1:0.4063 [0m
2021-05-06 12:17:22 [/home/wxk/darnn/myversion/trainer.py:225 - INFO ] [1;31m Random:0.5098	MaxAccDiff:0.006497 [0m
2021-05-06 12:17:22 [/home/wxk/darnn/myversion/trainer.py:229 - INFO ] [1;34m Valid: [0m
2021-05-06 12:17:40 [/home/wxk/darnn/myversion/trainer.py:256 - INFO ] [1;31m Accuracy:0.5129 Precision:0.5199 Recall:0.0625 F1:0.1116 val_loss:0.00270847 [0m
2021-05-06 12:17:40 [/home/wxk/darnn/myversion/trainer.py:258 - INFO ] [1;31m Random:0.5105	MaxAccDiff:0.002348 	best_model_test_acc_diff:-0.012294 [0m
2021-05-06 12:17:40 [/home/wxk/darnn/myversion/trainer.py:262 - INFO ] [1;34m Test: [0m
2021-05-06 12:17:50 [/home/wxk/darnn/myversion/trainer.py:285 - INFO ] [1;31m Accuracy:0.4950 Precision:0.5278 Recall:0.0430 F1:0.0795 val_loss:0.00272471 [0m
2021-05-06 12:17:50 [/home/wxk/darnn/myversion/trainer.py:287 - INFO ] [1;31m Random:0.5073	testMaxAccDiff:0.000000 [0m
2021-05-06 12:17:50 [/home/wxk/darnn/myversion/trainer.py:176 - INFO ] Epoch: 3, now best test loss change: 0.00272471
2021-05-06 12:17:50 [/home/wxk/darnn/myversion/trainer.py:114 - INFO ] ======epoch:4 æ­£åœ¨è®­ç»ƒ ========================>
2021-05-06 12:17:51 [/home/wxk/darnn/myversion/trainer.py:190 - INFO ] [1;34m Train: [0m
2021-05-06 12:20:24 [/home/wxk/darnn/myversion/trainer.py:221 - INFO ] ç¬¬ [1;34m 4 [0m è½®çš„è®­ç»ƒé›†æ­£ç¡®çŽ‡ä¸º:[1;32m 0.5159 [0m epoch_mean_Loss ä¸º: [1;32m 0.00270547 [0m
2021-05-06 12:20:24 [/home/wxk/darnn/myversion/trainer.py:223 - INFO ] [1;31m Accuracy:0.5159 Precision:0.5084 Recall:0.3618 F1:0.4227 [0m
2021-05-06 12:20:24 [/home/wxk/darnn/myversion/trainer.py:225 - INFO ] [1;31m Random:0.5101	MaxAccDiff:0.006497 [0m
2021-05-06 12:20:24 [/home/wxk/darnn/myversion/trainer.py:229 - INFO ] [1;34m Valid: [0m
2021-05-06 12:20:42 [/home/wxk/darnn/myversion/trainer.py:256 - INFO ] [1;31m Accuracy:0.5135 Precision:0.5235 Recall:0.0807 F1:0.1398 val_loss:0.00270891 [0m
2021-05-06 12:20:42 [/home/wxk/darnn/myversion/trainer.py:258 - INFO ] [1;31m Random:0.5099	MaxAccDiff:0.003555 	best_model_test_acc_diff:-0.012236 [0m
2021-05-06 12:20:42 [/home/wxk/darnn/myversion/trainer.py:262 - INFO ] [1;34m Test: [0m
2021-05-06 12:20:52 [/home/wxk/darnn/myversion/trainer.py:285 - INFO ] [1;31m Accuracy:0.4957 Precision:0.5286 Recall:0.0533 F1:0.0968 val_loss:0.00272479 [0m
2021-05-06 12:20:52 [/home/wxk/darnn/myversion/trainer.py:287 - INFO ] [1;31m Random:0.5073	testMaxAccDiff:0.000000 [0m
2021-05-06 12:20:52 [/home/wxk/darnn/myversion/trainer.py:179 - INFO ] 1 no improvement, best loss: 0.0027
2021-05-06 12:20:52 [/home/wxk/darnn/myversion/trainer.py:114 - INFO ] ======epoch:5 æ­£åœ¨è®­ç»ƒ ========================>
2021-05-06 12:20:52 [/home/wxk/darnn/myversion/trainer.py:190 - INFO ] [1;34m Train: [0m
2021-05-06 12:23:37 [/home/wxk/darnn/myversion/trainer.py:221 - INFO ] ç¬¬ [1;34m 5 [0m è½®çš„è®­ç»ƒé›†æ­£ç¡®çŽ‡ä¸º:[1;32m 0.5168 [0m epoch_mean_Loss ä¸º: [1;32m 0.00270564 [0m
2021-05-06 12:23:37 [/home/wxk/darnn/myversion/trainer.py:223 - INFO ] [1;31m Accuracy:0.5168 Precision:0.5104 Recall:0.3433 F1:0.4105 [0m
2021-05-06 12:23:37 [/home/wxk/darnn/myversion/trainer.py:225 - INFO ] [1;31m Random:0.5099	MaxAccDiff:0.006882 [0m
2021-05-06 12:23:37 [/home/wxk/darnn/myversion/trainer.py:229 - INFO ] [1;34m Valid: [0m
