2021-04-17 23:13:17 [ver6.py:266 - INFO ] Load Checkpoint......
2021-04-17 23:13:17 [ver6.py:272 - INFO ] å·²æœ‰å­˜æ¡£ç‚¹ï¼Œè¯»å–ä¸­......
2021-04-17 23:14:05 [ver6.py:266 - INFO ] Load Checkpoint......
2021-04-17 23:14:05 [ver6.py:286 - INFO ] æ²¡æœ‰å­˜æ¡£ç‚¹ï¼Œå„ç§å‚æ•°åˆå§‹åŒ–
2021-04-17 23:14:36 [ver6.py:265 - INFO ] Load Checkpoint......
2021-04-17 23:14:36 [ver6.py:285 - INFO ] æ²¡æœ‰å­˜æ¡£ç‚¹ï¼Œå„ç§å‚æ•°åˆå§‹åŒ–
2021-04-17 23:14:36 [ver6.py:255 - INFO ] å¯¼å…¥æ•°æ®é›†......
2021-04-17 23:14:39 [ver6.py:258 - INFO ] æ•°æ®é›†å¯¼å…¥æˆåŠŸï¼
2021-04-17 23:14:39 [ver6.py:308 - INFO ] ======epoch:1 æ­£åœ¨è®­ç»ƒ ========================>
2021-04-17 23:14:40 [ver6.py:333 - INFO ] [1;34m Train: [0m
2021-04-17 23:25:44 [ver6.py:267 - INFO ] Load Checkpoint......
2021-04-17 23:25:44 [ver6.py:273 - INFO ] å·²æœ‰å­˜æ¡£ç‚¹ï¼Œè¯»å–ä¸­......
2021-04-17 23:25:44 [ver6.py:276 - INFO ] æ­£åœ¨å¯¼å…¥æ¨¡åž‹ã€ä¼˜åŒ–å™¨å‚æ•°......
2021-04-17 23:25:44 [ver6.py:279 - INFO ] å¯¼å…¥æˆåŠŸ!
2021-04-17 23:25:44 [ver6.py:285 - INFO ] å­˜æ¡£ç‚¹è¯»å–å®Œæ¯•ï¼Œç›®å‰å·²è®­ç»ƒ6è½®ã€‚
2021-04-17 23:25:47 [ver6.py:257 - INFO ] å¯¼å…¥æ•°æ®é›†......
2021-04-17 23:25:48 [ver6.py:260 - INFO ] æ•°æ®é›†å¯¼å…¥æˆåŠŸï¼
2021-04-17 23:25:48 [ver6.py:311 - INFO ] ======epoch:7 æ­£åœ¨è®­ç»ƒ ========================>
2021-04-17 23:25:49 [ver6.py:335 - INFO ] [1;34m Train: [0m
2021-04-17 23:28:12 [ver6.py:267 - INFO ] Load Checkpoint......
2021-04-17 23:28:12 [ver6.py:273 - INFO ] å·²æœ‰å­˜æ¡£ç‚¹ï¼Œè¯»å–ä¸­......
2021-04-17 23:28:12 [ver6.py:276 - INFO ] æ­£åœ¨å¯¼å…¥æ¨¡åž‹ã€ä¼˜åŒ–å™¨å‚æ•°......
2021-04-17 23:28:12 [ver6.py:279 - INFO ] å¯¼å…¥æˆåŠŸ!
2021-04-17 23:28:12 [ver6.py:285 - INFO ] å­˜æ¡£ç‚¹è¯»å–å®Œæ¯•ï¼Œç›®å‰å·²è®­ç»ƒ6è½®ã€‚
2021-04-17 23:28:14 [ver6.py:257 - INFO ] å¯¼å…¥æ•°æ®é›†......
2021-04-17 23:28:15 [ver6.py:260 - INFO ] æ•°æ®é›†å¯¼å…¥æˆåŠŸï¼
2021-04-17 23:28:15 [ver6.py:311 - INFO ] ======epoch:7 æ­£åœ¨è®­ç»ƒ ========================>
2021-04-17 23:28:16 [ver6.py:335 - INFO ] [1;34m Train: [0m
